Arguments: 
  /Users/mgrok/.nvm/versions/node/v11.15.0/bin/node /usr/local/Cellar/yarn/1.22.5/libexec/bin/yarn.js add @erc725

PATH: 
  /Users/mgrok/opt/miniconda3/bin:/Users/mgrok/opt/miniconda3/condabin:/Users/mgrok/.cabal/bin:/Users/mgrok/.ghcup/bin:/Users/mgrok/.nvm/versions/node/v11.15.0/bin:/opt/local/bin:/opt/local/sbin:/Library/Frameworks/Python.framework/Versions/3.9/bin:/usr/local/bin:/usr/bin:/bin:/usr/sbin:/sbin:/Applications/Postgres.app/Contents/Versions/latest/bin:/Users/mgrok/.cargo/bin

Yarn version: 
  1.22.5

Node version: 
  11.15.0

Platform: 
  darwin x64

Trace: 
  Error: https://registry.yarnpkg.com/@erc725: Request "https://registry.yarnpkg.com/@erc725" returned a 405
      at Request.params.callback [as _callback] (/usr/local/Cellar/yarn/1.22.5/libexec/lib/cli.js:66997:18)
      at Request.self.callback (/usr/local/Cellar/yarn/1.22.5/libexec/lib/cli.js:140749:22)
      at Request.emit (events.js:193:13)
      at Request.<anonymous> (/usr/local/Cellar/yarn/1.22.5/libexec/lib/cli.js:141721:10)
      at Request.emit (events.js:193:13)
      at IncomingMessage.<anonymous> (/usr/local/Cellar/yarn/1.22.5/libexec/lib/cli.js:141643:12)
      at Object.onceWrapper (events.js:281:20)
      at IncomingMessage.emit (events.js:198:15)
      at endReadableNT (_stream_readable.js:1139:12)
      at processTicksAndRejections (internal/process/task_queues.js:81:17)

npm manifest: 
  {
    "name": "roller",
    "version": "1.0.0",
    "main": "index.js",
    "license": "MIT"
  }

yarn manifest: 
  No manifest

Lockfile: 
  No lockfile
